{
  "stats": {
    "suites": 1,
    "tests": 1,
    "passes": 1,
    "pending": 0,
    "failures": 0,
    "start": "2022-11-18T09:06:56.196Z",
    "end": "2022-11-18T09:06:56.202Z",
    "duration": 6,
    "testsRegistered": 1,
    "passPercent": 100,
    "pendingPercent": 0,
    "other": 0,
    "hasOther": false,
    "skipped": 0,
    "hasSkipped": false
  },
  "results": [
    {
      "uuid": "5e86d503-15c7-4bba-b970-6de08d174eca",
      "title": "",
      "fullFile": "C:\\Users\\Vilma\\softwaretestingproject\\test\\add.test.js",
      "file": "\\test\\add.test.js",
      "beforeHooks": [],
      "afterHooks": [],
      "tests": [],
      "suites": [
        {
          "uuid": "8d67cdce-52ff-4d18-a814-16d567c4f425",
          "title": "Sum",
          "fullFile": "C:\\Users\\Vilma\\softwaretestingproject\\test\\add.test.js",
          "file": "\\test\\add.test.js",
          "beforeHooks": [],
          "afterHooks": [],
          "tests": [
            {
              "title": "adds positive number to positive number",
              "fullTitle": "Sum adds positive number to positive number",
              "timedOut": false,
              "duration": 1,
              "state": "passed",
              "speed": "fast",
              "pass": true,
              "fail": false,
              "pending": false,
              "context": null,
              "code": "expect(add(3,6)).to.equal(9)",
              "err": {},
              "uuid": "f1621d8b-4148-47d5-9af7-5815944b01b7",
              "parentUUID": "8d67cdce-52ff-4d18-a814-16d567c4f425",
              "isHook": false,
              "skipped": false
            }
          ],
          "suites": [],
          "passes": [
            "f1621d8b-4148-47d5-9af7-5815944b01b7"
          ],
          "failures": [],
          "pending": [],
          "skipped": [],
          "duration": 1,
          "root": false,
          "rootEmpty": false,
          "_timeout": 2000
        }
      ],
      "passes": [],
      "failures": [],
      "pending": [],
      "skipped": [],
      "duration": 0,
      "root": true,
      "rootEmpty": true,
      "_timeout": 2000
    }
  ],
  "meta": {
    "mocha": {
      "version": "10.1.0"
    },
    "mochawesome": {
      "options": {
        "quiet": false,
        "reportFilename": "mochawesome",
        "saveHtml": true,
        "saveJson": true,
        "consoleReporter": "spec",
        "useInlineDiffs": false,
        "code": true
      },
      "version": "7.1.3"
    },
    "marge": {
      "options": null,
      "version": "6.2.0"
    }
  }
}